# JRE version: OpenJDK Runtime Environment Temurin-17.0.7+7 (17.0.7+7) (build 17.0.7+7)
# Java VM: OpenJDK 64-Bit Server VM Temurin-17.0.7+7 (17.0.7+7, mixed mode, sharing, tiered, compressed oops, compressed class ptrs, g1 gc, windows-amd64)
GC Precious Log:
 CPUs: 12 total, 12 available
 Memory: 7896M
 Large Page Support: Disabled
 NUMA Support: Disabled
 Compressed Oops: Enabled (32-bit)
 Heap Region Size: 1M
 Heap Min Capacity: 256M
 Heap Initial Capacity: 256M
 Heap Max Capacity: 512M
 Pre-touch: Disabled
 Parallel Workers: 10
 Concurrent Workers: 3
 Concurrent Refinement Workers: 10
 Periodic GC: Disabled
Heap:
 garbage-first heap   total 262144K, used 185932K [0x00000000e0000000, 0x0000000100000000)
  region size 1024K, 106 young (108544K), 2 survivors (2048K)
 Metaspace       used 73872K, committed 78272K, reserved 458752K
  class space    used 9776K, committed 11072K, reserved 327680K
GC Heap History (20 events):
Event: 126.114 GC heap before
{Heap before GC invocations=15 (full 0):
 garbage-first heap   total 262144K, used 218493K [0x00000000e0000000, 0x0000000100000000)
  region size 1024K, 120 young (122880K), 8 survivors (8192K)
 Metaspace       used 75641K, committed 76608K, reserved 458752K
  class space    used 10188K, committed 10624K, reserved 327680K
}
Event: 126.124 GC heap after
{Heap after GC invocations=16 (full 0):
 garbage-first heap   total 262144K, used 115668K [0x00000000e0000000, 0x0000000100000000)
  region size 1024K, 15 young (15360K), 15 survivors (15360K)
 Metaspace       used 75641K, committed 76608K, reserved 458752K
  class space    used 10188K, committed 10624K, reserved 327680K
}
Event: 126.761 GC heap before
{Heap before GC invocations=16 (full 0):
 garbage-first heap   total 262144K, used 211924K [0x00000000e0000000, 0x0000000100000000)
  region size 1024K, 109 young (111616K), 15 survivors (15360K)
 Metaspace       used 75990K, committed 76928K, reserved 458752K
  class space    used 10221K, committed 10624K, reserved 327680K
}
Event: 126.774 GC heap after
{Heap after GC invocations=17 (full 0):
 garbage-first heap   total 262144K, used 125538K [0x00000000e0000000, 0x0000000100000000)
  region size 1024K, 10 young (10240K), 10 survivors (10240K)
 Metaspace       used 75990K, committed 76928K, reserved 458752K
  class space    used 10221K, committed 10624K, reserved 327680K
}
Event: 127.296 GC heap before
{Heap before GC invocations=17 (full 0):
 garbage-first heap   total 262144K, used 211554K [0x00000000e0000000, 0x0000000100000000)
  region size 1024K, 94 young (96256K), 10 survivors (10240K)
 Metaspace       used 76787K, committed 77696K, reserved 458752K
  class space    used 10283K, committed 10688K, reserved 327680K
}
Event: 127.302 GC heap after
{Heap after GC invocations=18 (full 0):
 garbage-first heap   total 262144K, used 127948K [0x00000000e0000000, 0x0000000100000000)
  region size 1024K, 5 young (5120K), 5 survivors (5120K)
 Metaspace       used 76787K, committed 77696K, reserved 458752K
  class space    used 10283K, committed 10688K, reserved 327680K
}
Event: 145.016 GC heap before
{Heap before GC invocations=18 (full 0):
 garbage-first heap   total 262144K, used 212940K [0x00000000e0000000, 0x0000000100000000)
  region size 1024K, 89 young (91136K), 5 survivors (5120K)
 Metaspace       used 80972K, committed 82048K, reserved 458752K
  class space    used 10852K, committed 11328K, reserved 327680K
}
Event: 145.024 GC heap after
{Heap after GC invocations=19 (full 0):
 garbage-first heap   total 262144K, used 135465K [0x00000000e0000000, 0x0000000100000000)
  region size 1024K, 12 young (12288K), 12 survivors (12288K)
 Metaspace       used 80972K, committed 82048K, reserved 458752K
  class space    used 10852K, committed 11328K, reserved 327680K
}
Event: 145.464 GC heap before
{Heap before GC invocations=20 (full 0):
 garbage-first heap   total 262144K, used 213289K [0x00000000e0000000, 0x0000000100000000)
  region size 1024K, 89 young (91136K), 12 survivors (12288K)
 Metaspace       used 79211K, committed 81024K, reserved 458752K
  class space    used 10627K, committed 11264K, reserved 327680K
}
Event: 145.473 GC heap after
{Heap after GC invocations=21 (full 0):
 garbage-first heap   total 262144K, used 142429K [0x00000000e0000000, 0x0000000100000000)
  region size 1024K, 9 young (9216K), 9 survivors (9216K)
 Metaspace       used 79211K, committed 81024K, reserved 458752K
  class space    used 10627K, committed 11264K, reserved 327680K
}
Event: 145.485 GC heap before
{Heap before GC invocations=21 (full 0):
 garbage-first heap   total 262144K, used 144477K [0x00000000e0000000, 0x0000000100000000)
  region size 1024K, 12 young (12288K), 9 survivors (9216K)
 Metaspace       used 79216K, committed 81024K, reserved 458752K
  class space    used 10627K, committed 11264K, reserved 327680K
}
Event: 145.489 GC heap after
{Heap after GC invocations=22 (full 0):
 garbage-first heap   total 262144K, used 129356K [0x00000000e0000000, 0x0000000100000000)
  region size 1024K, 2 young (2048K), 2 survivors (2048K)
 Metaspace       used 79216K, committed 81024K, reserved 458752K
  class space    used 10627K, committed 11264K, reserved 327680K
}
Event: 618.868 GC heap before
{Heap before GC invocations=22 (full 0):
 garbage-first heap   total 262144K, used 212300K [0x00000000e0000000, 0x0000000100000000)
  region size 1024K, 84 young (86016K), 2 survivors (2048K)
 Metaspace       used 79362K, committed 81088K, reserved 458752K
  class space    used 10628K, committed 11264K, reserved 327680K
}
Event: 618.873 GC heap after
{Heap after GC invocations=23 (full 0):
 garbage-first heap   total 262144K, used 134878K [0x00000000e0000000, 0x0000000100000000)
  region size 1024K, 7 young (7168K), 7 survivors (7168K)
 Metaspace       used 79362K, committed 81088K, reserved 458752K
  class space    used 10628K, committed 11264K, reserved 327680K
}
Event: 1680.504 GC heap before
{Heap before GC invocations=24 (full 0):
 garbage-first heap   total 262144K, used 211678K [0x00000000e0000000, 0x0000000100000000)
  region size 1024K, 85 young (87040K), 7 survivors (7168K)
 Metaspace       used 73606K, committed 78272K, reserved 458752K
  class space    used 9759K, committed 11072K, reserved 327680K
}
Event: 1680.510 GC heap after
{Heap after GC invocations=25 (full 0):
 garbage-first heap   total 262144K, used 109568K [0x00000000e0000000, 0x0000000100000000)
  region size 1024K, 3 young (3072K), 3 survivors (3072K)
 Metaspace       used 73606K, committed 78272K, reserved 458752K
  class space    used 9759K, committed 11072K, reserved 327680K
}
Event: 1680.643 GC heap before
{Heap before GC invocations=25 (full 0):
 garbage-first heap   total 262144K, used 118784K [0x00000000e0000000, 0x0000000100000000)
  region size 1024K, 12 young (12288K), 3 survivors (3072K)
 Metaspace       used 73679K, committed 78272K, reserved 458752K
  class space    used 9763K, committed 11072K, reserved 327680K
}
Event: 1680.654 GC heap after
{Heap after GC invocations=26 (full 0):
 garbage-first heap   total 262144K, used 88276K [0x00000000e0000000, 0x0000000100000000)
  region size 1024K, 2 young (2048K), 2 survivors (2048K)
 Metaspace       used 73679K, committed 78272K, reserved 458752K
  class space    used 9763K, committed 11072K, reserved 327680K
}
Event: 1680.743 GC heap before
{Heap before GC invocations=26 (full 0):
 garbage-first heap   total 262144K, used 97492K [0x00000000e0000000, 0x0000000100000000)
  region size 1024K, 12 young (12288K), 2 survivors (2048K)
 Metaspace       used 73681K, committed 78272K, reserved 458752K
  class space    used 9764K, committed 11072K, reserved 327680K
}
Event: 1680.753 GC heap after
{Heap after GC invocations=27 (full 0):
 garbage-first heap   total 262144K, used 80460K [0x00000000e0000000, 0x0000000100000000)
  region size 1024K, 2 young (2048K), 2 survivors (2048K)
 Metaspace       used 73681K, committed 78272K, reserved 458752K
  class space    used 9764K, committed 11072K, reserved 327680K
}

